[debug] [2025-06-17T18:52:42.030Z] ----------------------------------------------------------------------
[debug] [2025-06-17T18:52:42.036Z] Command:       C:\Program Files\nodejs\node.exe C:\Users\Oke Isaiah\AppData\Roaming\npm\node_modules\firebase-tools\lib\bin\firebase.js init
[debug] [2025-06-17T18:52:42.036Z] CLI Version:   14.3.0
[debug] [2025-06-17T18:52:42.037Z] Platform:      win32
[debug] [2025-06-17T18:52:42.037Z] Node Version:  v22.15.0
[debug] [2025-06-17T18:52:42.039Z] Time:          Tue Jun 17 2025 19:52:42 GMT+0100 (West Africa Standard Time)
[debug] [2025-06-17T18:52:42.039Z] ----------------------------------------------------------------------
[debug] 
[debug] [2025-06-17T18:52:42.045Z] >>> [apiv2][query] GET https://firebase-public.firebaseio.com/cli.json [none]
[debug] [2025-06-17T18:52:42.194Z] > command requires scopes: ["email","openid","https://www.googleapis.com/auth/cloudplatformprojects.readonly","https://www.googleapis.com/auth/firebase","https://www.googleapis.com/auth/cloud-platform"]
[debug] [2025-06-17T18:52:42.194Z] > authorizing via signed-in user (okeisaiah1@gmail.com)
[info] 
     ######## #### ########  ######## ########     ###     ######  ########
     ##        ##  ##     ## ##       ##     ##  ##   ##  ##       ##
     ######    ##  ########  ######   ########  #########  ######  ######
     ##        ##  ##    ##  ##       ##     ## ##     ##       ## ##
     ##       #### ##     ## ######## ########  ##     ##  ######  ########

You're about to initialize a Firebase project in this directory:

  C:\Users\Oke Isaiah\OneDrive\Documents\Job

[debug] [2025-06-17T18:52:42.237Z] *** [apiv2] error from fetch(https://firebase-public.firebaseio.com/cli.json, {"headers":{},"method":"GET"}): FetchError: request to https://firebase-public.firebaseio.com/cli.json failed, reason: getaddrinfo ENOTFOUND firebase-public.firebaseio.com
[warn] !  Unable to fetch the CLI MOTD and remote config. This is not a fatal error, but may indicate an issue with your network connection. 
[debug] [2025-06-17T18:52:42.238Z] Failed to fetch MOTD FirebaseError: Failed to make request to https://firebase-public.firebaseio.com/cli.json
